[2023-01-24 18:46:54] [INFO] com.isvaso.adapter.vectorrasterdemo.VectorRectangle: VectorRectangle() 
[2023-01-24 18:46:54] [INFO] com.isvaso.adapter.vectorrasterdemo.Point: Constructor 
[2023-01-24 18:46:54] [INFO] com.isvaso.adapter.vectorrasterdemo.Point: Constructor 
[2023-01-24 18:46:54] [INFO] com.isvaso.adapter.vectorrasterdemo.Line: Constructor 
[2023-01-24 18:46:54] [INFO] com.isvaso.adapter.vectorrasterdemo.Point: Constructor 
[2023-01-24 18:46:54] [INFO] com.isvaso.adapter.vectorrasterdemo.Point: Constructor 
[2023-01-24 18:46:54] [INFO] com.isvaso.adapter.vectorrasterdemo.Line: Constructor 
[2023-01-24 18:46:54] [INFO] com.isvaso.adapter.vectorrasterdemo.Point: Constructor 
[2023-01-24 18:46:54] [INFO] com.isvaso.adapter.vectorrasterdemo.Point: Constructor 
[2023-01-24 18:46:54] [INFO] com.isvaso.adapter.vectorrasterdemo.Line: Constructor 
[2023-01-24 18:46:54] [INFO] com.isvaso.adapter.vectorrasterdemo.Point: Constructor 
[2023-01-24 18:46:54] [INFO] com.isvaso.adapter.vectorrasterdemo.Point: Constructor 
[2023-01-24 18:46:54] [INFO] com.isvaso.adapter.vectorrasterdemo.Line: Constructor 
[2023-01-24 18:46:54] [INFO] com.isvaso.adapter.vectorrasterdemo.VectorRectangle: VectorRectangle() 
[2023-01-24 18:46:54] [INFO] com.isvaso.adapter.vectorrasterdemo.Point: Constructor 
[2023-01-24 18:46:54] [INFO] com.isvaso.adapter.vectorrasterdemo.Point: Constructor 
[2023-01-24 18:46:54] [INFO] com.isvaso.adapter.vectorrasterdemo.Line: Constructor 
[2023-01-24 18:46:54] [INFO] com.isvaso.adapter.vectorrasterdemo.Point: Constructor 
[2023-01-24 18:46:54] [INFO] com.isvaso.adapter.vectorrasterdemo.Point: Constructor 
[2023-01-24 18:46:54] [INFO] com.isvaso.adapter.vectorrasterdemo.Line: Constructor 
[2023-01-24 18:46:54] [INFO] com.isvaso.adapter.vectorrasterdemo.Point: Constructor 
[2023-01-24 18:46:54] [INFO] com.isvaso.adapter.vectorrasterdemo.Point: Constructor 
[2023-01-24 18:46:54] [INFO] com.isvaso.adapter.vectorrasterdemo.Line: Constructor 
[2023-01-24 18:46:54] [INFO] com.isvaso.adapter.vectorrasterdemo.Point: Constructor 
[2023-01-24 18:46:54] [INFO] com.isvaso.adapter.vectorrasterdemo.Point: Constructor 
[2023-01-24 18:46:54] [INFO] com.isvaso.adapter.vectorrasterdemo.Line: Constructor 
[2023-01-24 18:46:54] [INFO] com.isvaso.adapter.vectorrasterdemo.Main: main() 
[2023-01-24 18:46:54] [INFO] com.isvaso.adapter.vectorrasterdemo.Main: draw() 
[2023-01-24 18:46:54] [INFO] com.isvaso.adapter.vectorrasterdemo.LineToPointAdapter: LineToPointAdapter() 
[2023-01-24 18:46:54] [INFO] com.isvaso.adapter.vectorrasterdemo.Point: Constructor 
[2023-01-24 18:46:54] [INFO] com.isvaso.adapter.vectorrasterdemo.Point: Constructor 
[2023-01-24 18:46:54] [INFO] com.isvaso.adapter.vectorrasterdemo.Point: Constructor 
[2023-01-24 18:46:54] [INFO] com.isvaso.adapter.vectorrasterdemo.Point: Constructor 
[2023-01-24 18:46:54] [INFO] com.isvaso.adapter.vectorrasterdemo.Point: Constructor 
[2023-01-24 18:46:54] [INFO] com.isvaso.adapter.vectorrasterdemo.Point: Constructor 
[2023-01-24 18:46:54] [INFO] com.isvaso.adapter.vectorrasterdemo.Point: Constructor 
[2023-01-24 18:46:54] [INFO] com.isvaso.adapter.vectorrasterdemo.Point: Constructor 
[2023-01-24 18:46:54] [INFO] com.isvaso.adapter.vectorrasterdemo.Point: Constructor 
[2023-01-24 18:46:54] [INFO] com.isvaso.adapter.vectorrasterdemo.Point: Constructor 
[2023-01-24 18:46:54] [INFO] com.isvaso.adapter.vectorrasterdemo.Point: Constructor 
[2023-01-24 18:46:54] [INFO] com.isvaso.adapter.vectorrasterdemo.LineToPointAdapter: LineToPointAdapter() 
[2023-01-24 18:46:54] [INFO] com.isvaso.adapter.vectorrasterdemo.Point: Constructor 
[2023-01-24 18:46:54] [INFO] com.isvaso.adapter.vectorrasterdemo.Point: Constructor 
[2023-01-24 18:46:54] [INFO] com.isvaso.adapter.vectorrasterdemo.Point: Constructor 
[2023-01-24 18:46:54] [INFO] com.isvaso.adapter.vectorrasterdemo.Point: Constructor 
[2023-01-24 18:46:54] [INFO] com.isvaso.adapter.vectorrasterdemo.Point: Constructor 
[2023-01-24 18:46:54] [INFO] com.isvaso.adapter.vectorrasterdemo.Point: Constructor 
[2023-01-24 18:46:54] [INFO] com.isvaso.adapter.vectorrasterdemo.Point: Constructor 
[2023-01-24 18:46:54] [INFO] com.isvaso.adapter.vectorrasterdemo.Point: Constructor 
[2023-01-24 18:46:54] [INFO] com.isvaso.adapter.vectorrasterdemo.Point: Constructor 
[2023-01-24 18:46:54] [INFO] com.isvaso.adapter.vectorrasterdemo.Point: Constructor 
[2023-01-24 18:46:54] [INFO] com.isvaso.adapter.vectorrasterdemo.Point: Constructor 
[2023-01-24 18:46:54] [INFO] com.isvaso.adapter.vectorrasterdemo.LineToPointAdapter: LineToPointAdapter() 
[2023-01-24 18:46:54] [INFO] com.isvaso.adapter.vectorrasterdemo.Point: Constructor 
[2023-01-24 18:46:54] [INFO] com.isvaso.adapter.vectorrasterdemo.Point: Constructor 
[2023-01-24 18:46:54] [INFO] com.isvaso.adapter.vectorrasterdemo.Point: Constructor 
[2023-01-24 18:46:54] [INFO] com.isvaso.adapter.vectorrasterdemo.Point: Constructor 
[2023-01-24 18:46:54] [INFO] com.isvaso.adapter.vectorrasterdemo.Point: Constructor 
[2023-01-24 18:46:54] [INFO] com.isvaso.adapter.vectorrasterdemo.Point: Constructor 
[2023-01-24 18:46:54] [INFO] com.isvaso.adapter.vectorrasterdemo.Point: Constructor 
[2023-01-24 18:46:54] [INFO] com.isvaso.adapter.vectorrasterdemo.Point: Constructor 
[2023-01-24 18:46:54] [INFO] com.isvaso.adapter.vectorrasterdemo.Point: Constructor 
[2023-01-24 18:46:54] [INFO] com.isvaso.adapter.vectorrasterdemo.Point: Constructor 
[2023-01-24 18:46:54] [INFO] com.isvaso.adapter.vectorrasterdemo.Point: Constructor 
[2023-01-24 18:46:54] [INFO] com.isvaso.adapter.vectorrasterdemo.LineToPointAdapter: LineToPointAdapter() 
[2023-01-24 18:46:54] [INFO] com.isvaso.adapter.vectorrasterdemo.Point: Constructor 
[2023-01-24 18:46:54] [INFO] com.isvaso.adapter.vectorrasterdemo.Point: Constructor 
[2023-01-24 18:46:54] [INFO] com.isvaso.adapter.vectorrasterdemo.Point: Constructor 
[2023-01-24 18:46:54] [INFO] com.isvaso.adapter.vectorrasterdemo.Point: Constructor 
[2023-01-24 18:46:54] [INFO] com.isvaso.adapter.vectorrasterdemo.Point: Constructor 
[2023-01-24 18:46:54] [INFO] com.isvaso.adapter.vectorrasterdemo.Point: Constructor 
[2023-01-24 18:46:54] [INFO] com.isvaso.adapter.vectorrasterdemo.Point: Constructor 
[2023-01-24 18:46:54] [INFO] com.isvaso.adapter.vectorrasterdemo.Point: Constructor 
[2023-01-24 18:46:54] [INFO] com.isvaso.adapter.vectorrasterdemo.Point: Constructor 
[2023-01-24 18:46:54] [INFO] com.isvaso.adapter.vectorrasterdemo.Point: Constructor 
[2023-01-24 18:46:54] [INFO] com.isvaso.adapter.vectorrasterdemo.Point: Constructor 
[2023-01-24 18:46:54] [INFO] com.isvaso.adapter.vectorrasterdemo.LineToPointAdapter: LineToPointAdapter() 
[2023-01-24 18:46:54] [INFO] com.isvaso.adapter.vectorrasterdemo.Point: Constructor 
[2023-01-24 18:46:54] [INFO] com.isvaso.adapter.vectorrasterdemo.Point: Constructor 
[2023-01-24 18:46:54] [INFO] com.isvaso.adapter.vectorrasterdemo.Point: Constructor 
[2023-01-24 18:46:54] [INFO] com.isvaso.adapter.vectorrasterdemo.Point: Constructor 
[2023-01-24 18:46:54] [INFO] com.isvaso.adapter.vectorrasterdemo.Point: Constructor 
[2023-01-24 18:46:54] [INFO] com.isvaso.adapter.vectorrasterdemo.Point: Constructor 
[2023-01-24 18:46:54] [INFO] com.isvaso.adapter.vectorrasterdemo.Point: Constructor 
[2023-01-24 18:46:54] [INFO] com.isvaso.adapter.vectorrasterdemo.LineToPointAdapter: LineToPointAdapter() 
[2023-01-24 18:46:54] [INFO] com.isvaso.adapter.vectorrasterdemo.Point: Constructor 
[2023-01-24 18:46:54] [INFO] com.isvaso.adapter.vectorrasterdemo.Point: Constructor 
[2023-01-24 18:46:54] [INFO] com.isvaso.adapter.vectorrasterdemo.Point: Constructor 
[2023-01-24 18:46:54] [INFO] com.isvaso.adapter.vectorrasterdemo.Point: Constructor 
[2023-01-24 18:46:54] [INFO] com.isvaso.adapter.vectorrasterdemo.Point: Constructor 
[2023-01-24 18:46:54] [INFO] com.isvaso.adapter.vectorrasterdemo.Point: Constructor 
[2023-01-24 18:46:54] [INFO] com.isvaso.adapter.vectorrasterdemo.Point: Constructor 
[2023-01-24 18:46:54] [INFO] com.isvaso.adapter.vectorrasterdemo.LineToPointAdapter: LineToPointAdapter() 
[2023-01-24 18:46:54] [INFO] com.isvaso.adapter.vectorrasterdemo.Point: Constructor 
[2023-01-24 18:46:54] [INFO] com.isvaso.adapter.vectorrasterdemo.Point: Constructor 
[2023-01-24 18:46:54] [INFO] com.isvaso.adapter.vectorrasterdemo.Point: Constructor 
[2023-01-24 18:46:54] [INFO] com.isvaso.adapter.vectorrasterdemo.Point: Constructor 
[2023-01-24 18:46:54] [INFO] com.isvaso.adapter.vectorrasterdemo.Point: Constructor 
[2023-01-24 18:46:54] [INFO] com.isvaso.adapter.vectorrasterdemo.Point: Constructor 
[2023-01-24 18:46:54] [INFO] com.isvaso.adapter.vectorrasterdemo.Point: Constructor 
[2023-01-24 18:46:54] [INFO] com.isvaso.adapter.vectorrasterdemo.LineToPointAdapter: LineToPointAdapter() 
[2023-01-24 18:46:54] [INFO] com.isvaso.adapter.vectorrasterdemo.Point: Constructor 
[2023-01-24 18:46:54] [INFO] com.isvaso.adapter.vectorrasterdemo.Point: Constructor 
[2023-01-24 18:46:54] [INFO] com.isvaso.adapter.vectorrasterdemo.Point: Constructor 
[2023-01-24 18:46:54] [INFO] com.isvaso.adapter.vectorrasterdemo.Point: Constructor 
[2023-01-24 18:46:54] [INFO] com.isvaso.adapter.vectorrasterdemo.Point: Constructor 
[2023-01-24 18:46:54] [INFO] com.isvaso.adapter.vectorrasterdemo.Point: Constructor 
[2023-01-24 18:46:54] [INFO] com.isvaso.adapter.vectorrasterdemo.Point: Constructor 
[2023-01-27 11:46:33] [INFO] com.isvaso.adapter.vectorrasterdemo.VectorRectangle: VectorRectangle() 
[2023-01-27 11:46:33] [INFO] com.isvaso.adapter.vectorrasterdemo.Point: Constructor 
[2023-01-27 11:46:33] [INFO] com.isvaso.adapter.vectorrasterdemo.Point: Constructor 
[2023-01-27 11:46:33] [INFO] com.isvaso.adapter.vectorrasterdemo.Line: Constructor 
[2023-01-27 11:46:33] [INFO] com.isvaso.adapter.vectorrasterdemo.Point: Constructor 
[2023-01-27 11:46:33] [INFO] com.isvaso.adapter.vectorrasterdemo.Point: Constructor 
[2023-01-27 11:46:33] [INFO] com.isvaso.adapter.vectorrasterdemo.Line: Constructor 
[2023-01-27 11:46:34] [INFO] com.isvaso.adapter.vectorrasterdemo.Point: Constructor 
[2023-01-27 11:46:34] [INFO] com.isvaso.adapter.vectorrasterdemo.Point: Constructor 
[2023-01-27 11:46:34] [INFO] com.isvaso.adapter.vectorrasterdemo.Line: Constructor 
[2023-01-27 11:46:34] [INFO] com.isvaso.adapter.vectorrasterdemo.Point: Constructor 
[2023-01-27 11:46:34] [INFO] com.isvaso.adapter.vectorrasterdemo.Point: Constructor 
[2023-01-27 11:46:34] [INFO] com.isvaso.adapter.vectorrasterdemo.Line: Constructor 
[2023-01-27 11:46:34] [INFO] com.isvaso.adapter.vectorrasterdemo.VectorRectangle: VectorRectangle() 
[2023-01-27 11:46:34] [INFO] com.isvaso.adapter.vectorrasterdemo.Point: Constructor 
[2023-01-27 11:46:34] [INFO] com.isvaso.adapter.vectorrasterdemo.Point: Constructor 
[2023-01-27 11:46:34] [INFO] com.isvaso.adapter.vectorrasterdemo.Line: Constructor 
[2023-01-27 11:46:34] [INFO] com.isvaso.adapter.vectorrasterdemo.Point: Constructor 
[2023-01-27 11:46:34] [INFO] com.isvaso.adapter.vectorrasterdemo.Point: Constructor 
[2023-01-27 11:46:34] [INFO] com.isvaso.adapter.vectorrasterdemo.Line: Constructor 
[2023-01-27 11:46:34] [INFO] com.isvaso.adapter.vectorrasterdemo.Point: Constructor 
[2023-01-27 11:46:34] [INFO] com.isvaso.adapter.vectorrasterdemo.Point: Constructor 
[2023-01-27 11:46:34] [INFO] com.isvaso.adapter.vectorrasterdemo.Line: Constructor 
[2023-01-27 11:46:34] [INFO] com.isvaso.adapter.vectorrasterdemo.Point: Constructor 
[2023-01-27 11:46:34] [INFO] com.isvaso.adapter.vectorrasterdemo.Point: Constructor 
[2023-01-27 11:46:34] [INFO] com.isvaso.adapter.vectorrasterdemo.Line: Constructor 
[2023-01-27 11:46:34] [INFO] com.isvaso.adapter.vectorrasterdemo.Main: main() 
[2023-01-27 11:46:34] [INFO] com.isvaso.adapter.vectorrasterdemo.Main: draw() 
[2023-01-27 11:46:34] [INFO] com.isvaso.adapter.vectorrasterdemo.LineToPointAdapter: LineToPointAdapter() 
[2023-01-27 11:46:34] [INFO] com.isvaso.adapter.vectorrasterdemo.Point: Constructor 
[2023-01-27 11:46:34] [INFO] com.isvaso.adapter.vectorrasterdemo.Point: Constructor 
[2023-01-27 11:46:34] [INFO] com.isvaso.adapter.vectorrasterdemo.Point: Constructor 
[2023-01-27 11:46:34] [INFO] com.isvaso.adapter.vectorrasterdemo.Point: Constructor 
[2023-01-27 11:46:34] [INFO] com.isvaso.adapter.vectorrasterdemo.Point: Constructor 
[2023-01-27 11:46:34] [INFO] com.isvaso.adapter.vectorrasterdemo.Point: Constructor 
[2023-01-27 11:46:34] [INFO] com.isvaso.adapter.vectorrasterdemo.Point: Constructor 
[2023-01-27 11:46:34] [INFO] com.isvaso.adapter.vectorrasterdemo.Point: Constructor 
[2023-01-27 11:46:34] [INFO] com.isvaso.adapter.vectorrasterdemo.Point: Constructor 
[2023-01-27 11:46:34] [INFO] com.isvaso.adapter.vectorrasterdemo.Point: Constructor 
[2023-01-27 11:46:34] [INFO] com.isvaso.adapter.vectorrasterdemo.Point: Constructor 
[2023-01-27 11:46:34] [INFO] com.isvaso.adapter.vectorrasterdemo.LineToPointAdapter: LineToPointAdapter() 
[2023-01-27 11:46:34] [INFO] com.isvaso.adapter.vectorrasterdemo.Point: Constructor 
[2023-01-27 11:46:34] [INFO] com.isvaso.adapter.vectorrasterdemo.Point: Constructor 
[2023-01-27 11:46:34] [INFO] com.isvaso.adapter.vectorrasterdemo.Point: Constructor 
[2023-01-27 11:46:34] [INFO] com.isvaso.adapter.vectorrasterdemo.Point: Constructor 
[2023-01-27 11:46:34] [INFO] com.isvaso.adapter.vectorrasterdemo.Point: Constructor 
[2023-01-27 11:46:34] [INFO] com.isvaso.adapter.vectorrasterdemo.Point: Constructor 
[2023-01-27 11:46:34] [INFO] com.isvaso.adapter.vectorrasterdemo.Point: Constructor 
[2023-01-27 11:46:34] [INFO] com.isvaso.adapter.vectorrasterdemo.Point: Constructor 
[2023-01-27 11:46:34] [INFO] com.isvaso.adapter.vectorrasterdemo.Point: Constructor 
[2023-01-27 11:46:34] [INFO] com.isvaso.adapter.vectorrasterdemo.Point: Constructor 
[2023-01-27 11:46:34] [INFO] com.isvaso.adapter.vectorrasterdemo.Point: Constructor 
[2023-01-27 11:46:34] [INFO] com.isvaso.adapter.vectorrasterdemo.LineToPointAdapter: LineToPointAdapter() 
[2023-01-27 11:46:34] [INFO] com.isvaso.adapter.vectorrasterdemo.Point: Constructor 
[2023-01-27 11:46:34] [INFO] com.isvaso.adapter.vectorrasterdemo.Point: Constructor 
[2023-01-27 11:46:34] [INFO] com.isvaso.adapter.vectorrasterdemo.Point: Constructor 
[2023-01-27 11:46:34] [INFO] com.isvaso.adapter.vectorrasterdemo.Point: Constructor 
[2023-01-27 11:46:34] [INFO] com.isvaso.adapter.vectorrasterdemo.Point: Constructor 
[2023-01-27 11:46:34] [INFO] com.isvaso.adapter.vectorrasterdemo.Point: Constructor 
[2023-01-27 11:46:34] [INFO] com.isvaso.adapter.vectorrasterdemo.Point: Constructor 
[2023-01-27 11:46:34] [INFO] com.isvaso.adapter.vectorrasterdemo.Point: Constructor 
[2023-01-27 11:46:34] [INFO] com.isvaso.adapter.vectorrasterdemo.Point: Constructor 
[2023-01-27 11:46:34] [INFO] com.isvaso.adapter.vectorrasterdemo.Point: Constructor 
[2023-01-27 11:46:34] [INFO] com.isvaso.adapter.vectorrasterdemo.Point: Constructor 
[2023-01-27 11:46:34] [INFO] com.isvaso.adapter.vectorrasterdemo.LineToPointAdapter: LineToPointAdapter() 
[2023-01-27 11:46:34] [INFO] com.isvaso.adapter.vectorrasterdemo.Point: Constructor 
[2023-01-27 11:46:34] [INFO] com.isvaso.adapter.vectorrasterdemo.Point: Constructor 
[2023-01-27 11:46:34] [INFO] com.isvaso.adapter.vectorrasterdemo.Point: Constructor 
[2023-01-27 11:46:34] [INFO] com.isvaso.adapter.vectorrasterdemo.Point: Constructor 
[2023-01-27 11:46:34] [INFO] com.isvaso.adapter.vectorrasterdemo.Point: Constructor 
[2023-01-27 11:46:34] [INFO] com.isvaso.adapter.vectorrasterdemo.Point: Constructor 
[2023-01-27 11:46:34] [INFO] com.isvaso.adapter.vectorrasterdemo.Point: Constructor 
[2023-01-27 11:46:34] [INFO] com.isvaso.adapter.vectorrasterdemo.Point: Constructor 
[2023-01-27 11:46:34] [INFO] com.isvaso.adapter.vectorrasterdemo.Point: Constructor 
[2023-01-27 11:46:34] [INFO] com.isvaso.adapter.vectorrasterdemo.Point: Constructor 
[2023-01-27 11:46:34] [INFO] com.isvaso.adapter.vectorrasterdemo.Point: Constructor 
[2023-01-27 11:46:34] [INFO] com.isvaso.adapter.vectorrasterdemo.LineToPointAdapter: LineToPointAdapter() 
[2023-01-27 11:46:34] [INFO] com.isvaso.adapter.vectorrasterdemo.Point: Constructor 
[2023-01-27 11:46:34] [INFO] com.isvaso.adapter.vectorrasterdemo.Point: Constructor 
[2023-01-27 11:46:34] [INFO] com.isvaso.adapter.vectorrasterdemo.Point: Constructor 
[2023-01-27 11:46:34] [INFO] com.isvaso.adapter.vectorrasterdemo.Point: Constructor 
[2023-01-27 11:46:34] [INFO] com.isvaso.adapter.vectorrasterdemo.Point: Constructor 
[2023-01-27 11:46:34] [INFO] com.isvaso.adapter.vectorrasterdemo.Point: Constructor 
[2023-01-27 11:46:34] [INFO] com.isvaso.adapter.vectorrasterdemo.Point: Constructor 
[2023-01-27 11:46:34] [INFO] com.isvaso.adapter.vectorrasterdemo.LineToPointAdapter: LineToPointAdapter() 
[2023-01-27 11:46:34] [INFO] com.isvaso.adapter.vectorrasterdemo.Point: Constructor 
[2023-01-27 11:46:34] [INFO] com.isvaso.adapter.vectorrasterdemo.Point: Constructor 
[2023-01-27 11:46:34] [INFO] com.isvaso.adapter.vectorrasterdemo.Point: Constructor 
[2023-01-27 11:46:34] [INFO] com.isvaso.adapter.vectorrasterdemo.Point: Constructor 
[2023-01-27 11:46:34] [INFO] com.isvaso.adapter.vectorrasterdemo.Point: Constructor 
[2023-01-27 11:46:34] [INFO] com.isvaso.adapter.vectorrasterdemo.Point: Constructor 
[2023-01-27 11:46:34] [INFO] com.isvaso.adapter.vectorrasterdemo.Point: Constructor 
[2023-01-27 11:46:34] [INFO] com.isvaso.adapter.vectorrasterdemo.LineToPointAdapter: LineToPointAdapter() 
[2023-01-27 11:46:34] [INFO] com.isvaso.adapter.vectorrasterdemo.Point: Constructor 
[2023-01-27 11:46:34] [INFO] com.isvaso.adapter.vectorrasterdemo.Point: Constructor 
[2023-01-27 11:46:34] [INFO] com.isvaso.adapter.vectorrasterdemo.Point: Constructor 
[2023-01-27 11:46:34] [INFO] com.isvaso.adapter.vectorrasterdemo.Point: Constructor 
[2023-01-27 11:46:34] [INFO] com.isvaso.adapter.vectorrasterdemo.Point: Constructor 
[2023-01-27 11:46:34] [INFO] com.isvaso.adapter.vectorrasterdemo.Point: Constructor 
[2023-01-27 11:46:34] [INFO] com.isvaso.adapter.vectorrasterdemo.Point: Constructor 
[2023-01-27 11:46:34] [INFO] com.isvaso.adapter.vectorrasterdemo.LineToPointAdapter: LineToPointAdapter() 
[2023-01-27 11:46:34] [INFO] com.isvaso.adapter.vectorrasterdemo.Point: Constructor 
[2023-01-27 11:46:34] [INFO] com.isvaso.adapter.vectorrasterdemo.Point: Constructor 
[2023-01-27 11:46:34] [INFO] com.isvaso.adapter.vectorrasterdemo.Point: Constructor 
[2023-01-27 11:46:34] [INFO] com.isvaso.adapter.vectorrasterdemo.Point: Constructor 
[2023-01-27 11:46:34] [INFO] com.isvaso.adapter.vectorrasterdemo.Point: Constructor 
[2023-01-27 11:46:34] [INFO] com.isvaso.adapter.vectorrasterdemo.Point: Constructor 
[2023-01-27 11:46:34] [INFO] com.isvaso.adapter.vectorrasterdemo.Point: Constructor 
[2023-01-28 00:45:39] [INFO] com.isvaso.adapter.adaptercaching.VectorRectangle: Constructor 
[2023-01-28 00:45:39] [INFO] com.isvaso.adapter.adaptercaching.Point: Constructor 
[2023-01-28 00:45:39] [INFO] com.isvaso.adapter.adaptercaching.Point: Constructor 
[2023-01-28 00:45:39] [INFO] com.isvaso.adapter.adaptercaching.Line: Constructor 
[2023-01-28 00:45:39] [INFO] com.isvaso.adapter.adaptercaching.Point: Constructor 
[2023-01-28 00:45:39] [INFO] com.isvaso.adapter.adaptercaching.Point: Constructor 
[2023-01-28 00:45:39] [INFO] com.isvaso.adapter.adaptercaching.Line: Constructor 
[2023-01-28 00:45:39] [INFO] com.isvaso.adapter.adaptercaching.Point: Constructor 
[2023-01-28 00:45:39] [INFO] com.isvaso.adapter.adaptercaching.Point: Constructor 
[2023-01-28 00:45:39] [INFO] com.isvaso.adapter.adaptercaching.Line: Constructor 
[2023-01-28 00:45:39] [INFO] com.isvaso.adapter.adaptercaching.Point: Constructor 
[2023-01-28 00:45:39] [INFO] com.isvaso.adapter.adaptercaching.Point: Constructor 
[2023-01-28 00:45:39] [INFO] com.isvaso.adapter.adaptercaching.Line: Constructor 
[2023-01-28 00:45:39] [INFO] com.isvaso.adapter.adaptercaching.VectorRectangle: Constructor 
[2023-01-28 00:45:39] [INFO] com.isvaso.adapter.adaptercaching.Point: Constructor 
[2023-01-28 00:45:39] [INFO] com.isvaso.adapter.adaptercaching.Point: Constructor 
[2023-01-28 00:45:39] [INFO] com.isvaso.adapter.adaptercaching.Line: Constructor 
[2023-01-28 00:45:39] [INFO] com.isvaso.adapter.adaptercaching.Point: Constructor 
[2023-01-28 00:45:39] [INFO] com.isvaso.adapter.adaptercaching.Point: Constructor 
[2023-01-28 00:45:39] [INFO] com.isvaso.adapter.adaptercaching.Line: Constructor 
[2023-01-28 00:45:39] [INFO] com.isvaso.adapter.adaptercaching.Point: Constructor 
[2023-01-28 00:45:39] [INFO] com.isvaso.adapter.adaptercaching.Point: Constructor 
[2023-01-28 00:45:39] [INFO] com.isvaso.adapter.adaptercaching.Line: Constructor 
[2023-01-28 00:45:39] [INFO] com.isvaso.adapter.adaptercaching.Point: Constructor 
[2023-01-28 00:45:39] [INFO] com.isvaso.adapter.adaptercaching.Point: Constructor 
[2023-01-28 00:45:39] [INFO] com.isvaso.adapter.adaptercaching.Line: Constructor 
[2023-01-28 00:45:39] [INFO] com.isvaso.adapter.adaptercaching.LineToPointAdapter: Constructor 
[2023-01-28 00:45:39] [INFO] com.isvaso.adapter.adaptercaching.Point: Constructor 
[2023-01-28 00:45:39] [INFO] com.isvaso.adapter.adaptercaching.Point: Constructor 
[2023-01-28 00:45:39] [INFO] com.isvaso.adapter.adaptercaching.Point: Constructor 
[2023-01-28 00:45:39] [INFO] com.isvaso.adapter.adaptercaching.Point: Constructor 
[2023-01-28 00:45:39] [INFO] com.isvaso.adapter.adaptercaching.Point: Constructor 
[2023-01-28 00:45:39] [INFO] com.isvaso.adapter.adaptercaching.Point: Constructor 
[2023-01-28 00:45:39] [INFO] com.isvaso.adapter.adaptercaching.Point: Constructor 
[2023-01-28 00:45:39] [INFO] com.isvaso.adapter.adaptercaching.Point: Constructor 
[2023-01-28 00:45:39] [INFO] com.isvaso.adapter.adaptercaching.Point: Constructor 
[2023-01-28 00:45:39] [INFO] com.isvaso.adapter.adaptercaching.Point: Constructor 
[2023-01-28 00:45:39] [INFO] com.isvaso.adapter.adaptercaching.Point: Constructor 
[2023-01-28 00:45:39] [INFO] com.isvaso.adapter.adaptercaching.LineToPointAdapter: Constructor 
[2023-01-28 00:45:39] [INFO] com.isvaso.adapter.adaptercaching.Point: Constructor 
[2023-01-28 00:45:39] [INFO] com.isvaso.adapter.adaptercaching.Point: Constructor 
[2023-01-28 00:45:39] [INFO] com.isvaso.adapter.adaptercaching.Point: Constructor 
[2023-01-28 00:45:39] [INFO] com.isvaso.adapter.adaptercaching.Point: Constructor 
[2023-01-28 00:45:39] [INFO] com.isvaso.adapter.adaptercaching.Point: Constructor 
[2023-01-28 00:45:39] [INFO] com.isvaso.adapter.adaptercaching.Point: Constructor 
[2023-01-28 00:45:39] [INFO] com.isvaso.adapter.adaptercaching.Point: Constructor 
[2023-01-28 00:45:39] [INFO] com.isvaso.adapter.adaptercaching.Point: Constructor 
[2023-01-28 00:45:39] [INFO] com.isvaso.adapter.adaptercaching.Point: Constructor 
[2023-01-28 00:45:39] [INFO] com.isvaso.adapter.adaptercaching.Point: Constructor 
[2023-01-28 00:45:39] [INFO] com.isvaso.adapter.adaptercaching.Point: Constructor 
[2023-01-28 00:45:39] [INFO] com.isvaso.adapter.adaptercaching.LineToPointAdapter: Constructor 
[2023-01-28 00:45:39] [INFO] com.isvaso.adapter.adaptercaching.Point: Constructor 
[2023-01-28 00:45:39] [INFO] com.isvaso.adapter.adaptercaching.Point: Constructor 
[2023-01-28 00:45:39] [INFO] com.isvaso.adapter.adaptercaching.Point: Constructor 
[2023-01-28 00:45:39] [INFO] com.isvaso.adapter.adaptercaching.Point: Constructor 
[2023-01-28 00:45:39] [INFO] com.isvaso.adapter.adaptercaching.Point: Constructor 
[2023-01-28 00:45:39] [INFO] com.isvaso.adapter.adaptercaching.Point: Constructor 
[2023-01-28 00:45:39] [INFO] com.isvaso.adapter.adaptercaching.Point: Constructor 
[2023-01-28 00:45:39] [INFO] com.isvaso.adapter.adaptercaching.Point: Constructor 
[2023-01-28 00:45:39] [INFO] com.isvaso.adapter.adaptercaching.Point: Constructor 
[2023-01-28 00:45:39] [INFO] com.isvaso.adapter.adaptercaching.Point: Constructor 
[2023-01-28 00:45:39] [INFO] com.isvaso.adapter.adaptercaching.Point: Constructor 
[2023-01-28 00:45:39] [INFO] com.isvaso.adapter.adaptercaching.LineToPointAdapter: Constructor 
[2023-01-28 00:45:39] [INFO] com.isvaso.adapter.adaptercaching.Point: Constructor 
[2023-01-28 00:45:39] [INFO] com.isvaso.adapter.adaptercaching.Point: Constructor 
[2023-01-28 00:45:39] [INFO] com.isvaso.adapter.adaptercaching.Point: Constructor 
[2023-01-28 00:45:39] [INFO] com.isvaso.adapter.adaptercaching.Point: Constructor 
[2023-01-28 00:45:39] [INFO] com.isvaso.adapter.adaptercaching.Point: Constructor 
[2023-01-28 00:45:39] [INFO] com.isvaso.adapter.adaptercaching.Point: Constructor 
[2023-01-28 00:45:39] [INFO] com.isvaso.adapter.adaptercaching.Point: Constructor 
[2023-01-28 00:45:39] [INFO] com.isvaso.adapter.adaptercaching.Point: Constructor 
[2023-01-28 00:45:39] [INFO] com.isvaso.adapter.adaptercaching.Point: Constructor 
[2023-01-28 00:45:39] [INFO] com.isvaso.adapter.adaptercaching.Point: Constructor 
[2023-01-28 00:45:39] [INFO] com.isvaso.adapter.adaptercaching.Point: Constructor 
[2023-01-28 00:45:39] [INFO] com.isvaso.adapter.adaptercaching.LineToPointAdapter: Constructor 
[2023-01-28 00:45:39] [INFO] com.isvaso.adapter.adaptercaching.Point: Constructor 
[2023-01-28 00:45:39] [INFO] com.isvaso.adapter.adaptercaching.Point: Constructor 
[2023-01-28 00:45:39] [INFO] com.isvaso.adapter.adaptercaching.Point: Constructor 
[2023-01-28 00:45:39] [INFO] com.isvaso.adapter.adaptercaching.Point: Constructor 
[2023-01-28 00:45:39] [INFO] com.isvaso.adapter.adaptercaching.Point: Constructor 
[2023-01-28 00:45:39] [INFO] com.isvaso.adapter.adaptercaching.Point: Constructor 
[2023-01-28 00:45:39] [INFO] com.isvaso.adapter.adaptercaching.Point: Constructor 
[2023-01-28 00:45:39] [INFO] com.isvaso.adapter.adaptercaching.LineToPointAdapter: Constructor 
[2023-01-28 00:45:39] [INFO] com.isvaso.adapter.adaptercaching.Point: Constructor 
[2023-01-28 00:45:39] [INFO] com.isvaso.adapter.adaptercaching.Point: Constructor 
[2023-01-28 00:45:39] [INFO] com.isvaso.adapter.adaptercaching.Point: Constructor 
[2023-01-28 00:45:39] [INFO] com.isvaso.adapter.adaptercaching.Point: Constructor 
[2023-01-28 00:45:39] [INFO] com.isvaso.adapter.adaptercaching.Point: Constructor 
[2023-01-28 00:45:39] [INFO] com.isvaso.adapter.adaptercaching.Point: Constructor 
[2023-01-28 00:45:39] [INFO] com.isvaso.adapter.adaptercaching.Point: Constructor 
[2023-01-28 00:45:39] [INFO] com.isvaso.adapter.adaptercaching.LineToPointAdapter: Constructor 
[2023-01-28 00:45:39] [INFO] com.isvaso.adapter.adaptercaching.Point: Constructor 
[2023-01-28 00:45:39] [INFO] com.isvaso.adapter.adaptercaching.Point: Constructor 
[2023-01-28 00:45:39] [INFO] com.isvaso.adapter.adaptercaching.Point: Constructor 
[2023-01-28 00:45:39] [INFO] com.isvaso.adapter.adaptercaching.Point: Constructor 
[2023-01-28 00:45:39] [INFO] com.isvaso.adapter.adaptercaching.Point: Constructor 
[2023-01-28 00:45:39] [INFO] com.isvaso.adapter.adaptercaching.Point: Constructor 
[2023-01-28 00:45:39] [INFO] com.isvaso.adapter.adaptercaching.Point: Constructor 
[2023-01-28 00:45:39] [INFO] com.isvaso.adapter.adaptercaching.LineToPointAdapter: Constructor 
[2023-01-28 00:45:39] [INFO] com.isvaso.adapter.adaptercaching.Point: Constructor 
[2023-01-28 00:45:39] [INFO] com.isvaso.adapter.adaptercaching.Point: Constructor 
[2023-01-28 00:45:39] [INFO] com.isvaso.adapter.adaptercaching.Point: Constructor 
[2023-01-28 00:45:39] [INFO] com.isvaso.adapter.adaptercaching.Point: Constructor 
[2023-01-28 00:45:39] [INFO] com.isvaso.adapter.adaptercaching.Point: Constructor 
[2023-01-28 00:45:39] [INFO] com.isvaso.adapter.adaptercaching.Point: Constructor 
[2023-01-28 00:45:39] [INFO] com.isvaso.adapter.adaptercaching.Point: Constructor 
[2023-01-28 00:45:39] [INFO] com.isvaso.adapter.adaptercaching.LineToPointAdapter: Constructor 
[2023-01-28 00:45:39] [INFO] com.isvaso.adapter.adaptercaching.LineToPointAdapter: forEach() 
[2023-01-28 00:45:39] [INFO] com.isvaso.adapter.adaptercaching.LineToPointAdapter: Constructor 
[2023-01-28 00:45:39] [INFO] com.isvaso.adapter.adaptercaching.LineToPointAdapter: forEach() 
[2023-01-28 00:45:39] [INFO] com.isvaso.adapter.adaptercaching.LineToPointAdapter: Constructor 
[2023-01-28 00:45:39] [INFO] com.isvaso.adapter.adaptercaching.LineToPointAdapter: forEach() 
[2023-01-28 00:45:39] [INFO] com.isvaso.adapter.adaptercaching.LineToPointAdapter: Constructor 
[2023-01-28 00:45:39] [INFO] com.isvaso.adapter.adaptercaching.LineToPointAdapter: forEach() 
[2023-01-28 00:45:39] [INFO] com.isvaso.adapter.adaptercaching.LineToPointAdapter: Constructor 
[2023-01-28 00:45:39] [INFO] com.isvaso.adapter.adaptercaching.LineToPointAdapter: forEach() 
[2023-01-28 00:45:39] [INFO] com.isvaso.adapter.adaptercaching.LineToPointAdapter: Constructor 
[2023-01-28 00:45:39] [INFO] com.isvaso.adapter.adaptercaching.LineToPointAdapter: forEach() 
[2023-01-28 00:45:39] [INFO] com.isvaso.adapter.adaptercaching.LineToPointAdapter: Constructor 
[2023-01-28 00:45:39] [INFO] com.isvaso.adapter.adaptercaching.LineToPointAdapter: forEach() 
[2023-01-28 00:45:39] [INFO] com.isvaso.adapter.adaptercaching.LineToPointAdapter: Constructor 
[2023-01-28 00:45:39] [INFO] com.isvaso.adapter.adaptercaching.LineToPointAdapter: forEach() 
[2023-01-28 00:45:39] [INFO] com.isvaso.adapter.adaptercaching.LineToPointAdapter: Constructor 
[2023-01-28 00:45:39] [INFO] com.isvaso.adapter.adaptercaching.LineToPointAdapter: forEach() 
[2023-01-28 00:45:39] [INFO] com.isvaso.adapter.adaptercaching.LineToPointAdapter: Constructor 
[2023-01-28 00:45:39] [INFO] com.isvaso.adapter.adaptercaching.LineToPointAdapter: forEach() 
[2023-01-28 00:45:39] [INFO] com.isvaso.adapter.adaptercaching.LineToPointAdapter: Constructor 
[2023-01-28 00:45:39] [INFO] com.isvaso.adapter.adaptercaching.LineToPointAdapter: forEach() 
[2023-01-28 00:45:39] [INFO] com.isvaso.adapter.adaptercaching.LineToPointAdapter: Constructor 
[2023-01-28 00:45:39] [INFO] com.isvaso.adapter.adaptercaching.LineToPointAdapter: forEach() 
[2023-01-28 00:45:39] [INFO] com.isvaso.adapter.adaptercaching.LineToPointAdapter: Constructor 
[2023-01-28 00:45:39] [INFO] com.isvaso.adapter.adaptercaching.LineToPointAdapter: forEach() 
[2023-01-28 00:45:39] [INFO] com.isvaso.adapter.adaptercaching.LineToPointAdapter: Constructor 
[2023-01-28 00:45:39] [INFO] com.isvaso.adapter.adaptercaching.LineToPointAdapter: forEach() 
[2023-01-28 00:45:39] [INFO] com.isvaso.adapter.adaptercaching.LineToPointAdapter: Constructor 
[2023-01-28 00:45:39] [INFO] com.isvaso.adapter.adaptercaching.LineToPointAdapter: forEach() 
[2023-01-28 00:45:39] [INFO] com.isvaso.adapter.adaptercaching.LineToPointAdapter: Constructor 
[2023-01-28 00:45:39] [INFO] com.isvaso.adapter.adaptercaching.LineToPointAdapter: forEach() 
